Determining if the pthread_create exist failed with the following output:
Change Dir: /home/eliza/306project/build/CMakeFiles/CMakeTmp

Run Build Command:/usr/bin/make "cmTryCompileExec1361985990/fast"
/usr/bin/make -f CMakeFiles/cmTryCompileExec1361985990.dir/build.make CMakeFiles/cmTryCompileExec1361985990.dir/build
make[1]: Entering directory `/home/eliza/306project/build/CMakeFiles/CMakeTmp'
/usr/bin/cmake -E cmake_progress_report /home/eliza/306project/build/CMakeFiles/CMakeTmp/CMakeFiles 1
Building C object CMakeFiles/cmTryCompileExec1361985990.dir/CheckSymbolExists.c.o
/usr/bin/cc    -o CMakeFiles/cmTryCompileExec1361985990.dir/CheckSymbolExists.c.o   -c /home/eliza/306project/build/CMakeFiles/CMakeTmp/CheckSymbolExists.c
Linking C executable cmTryCompileExec1361985990
/usr/bin/cmake -E cmake_link_script CMakeFiles/cmTryCompileExec1361985990.dir/link.txt --verbose=1
/usr/bin/cc       CMakeFiles/cmTryCompileExec1361985990.dir/CheckSymbolExists.c.o  -o cmTryCompileExec1361985990 -rdynamic 
CMakeFiles/cmTryCompileExec1361985990.dir/CheckSymbolExists.c.o: In function `main':
CheckSymbolExists.c:(.text+0x16): undefined reference to `pthread_create'
collect2: error: ld returned 1 exit status
make[1]: *** [cmTryCompileExec1361985990] Error 1
make[1]: Leaving directory `/home/eliza/306project/build/CMakeFiles/CMakeTmp'
make: *** [cmTryCompileExec1361985990/fast] Error 2

File /home/eliza/306project/build/CMakeFiles/CMakeTmp/CheckSymbolExists.c:
/* */
#include <pthread.h>

int main(int argc, char** argv)
{
  (void)argv;
#ifndef pthread_create
  return ((int*)(&pthread_create))[argc];
#else
  (void)argc;
  return 0;
#endif
}

Determining if the function pthread_create exists in the pthreads failed with the following output:
Change Dir: /home/eliza/306project/build/CMakeFiles/CMakeTmp

Run Build Command:/usr/bin/make "cmTryCompileExec1270441052/fast"
/usr/bin/make -f CMakeFiles/cmTryCompileExec1270441052.dir/build.make CMakeFiles/cmTryCompileExec1270441052.dir/build
make[1]: Entering directory `/home/eliza/306project/build/CMakeFiles/CMakeTmp'
/usr/bin/cmake -E cmake_progress_report /home/eliza/306project/build/CMakeFiles/CMakeTmp/CMakeFiles 1
Building C object CMakeFiles/cmTryCompileExec1270441052.dir/CheckFunctionExists.c.o
/usr/bin/cc   -DCHECK_FUNCTION_EXISTS=pthread_create   -o CMakeFiles/cmTryCompileExec1270441052.dir/CheckFunctionExists.c.o   -c /usr/share/cmake-2.8/Modules/CheckFunctionExists.c
Linking C executable cmTryCompileExec1270441052
/usr/bin/cmake -E cmake_link_script CMakeFiles/cmTryCompileExec1270441052.dir/link.txt --verbose=1
/usr/bin/cc   -DCHECK_FUNCTION_EXISTS=pthread_create    CMakeFiles/cmTryCompileExec1270441052.dir/CheckFunctionExists.c.o  -o cmTryCompileExec1270441052 -rdynamic -lpthreads 
/usr/bin/ld: cannot find -lpthreads
collect2: error: ld returned 1 exit status
make[1]: *** [cmTryCompileExec1270441052] Error 1
make[1]: Leaving directory `/home/eliza/306project/build/CMakeFiles/CMakeTmp'
make: *** [cmTryCompileExec1270441052/fast] Error 2


